<?xml version="1.0" encoding="UTF-8"?>
<testng-results skipped="0" failed="0" ignored="0" total="1" passed="1">
  <reporter-output>
  </reporter-output>
  <suite name="Default suite" duration-ms="1408" started-at="2018-09-03T09:19:25Z" finished-at="2018-09-03T09:19:26Z">
    <groups>
      <group name="logintrue">
        <method signature="LoginCase.getlogin()[pri:0, instance:com.jiekou.cases.LoginCase@20e2cbe0]" name="getlogin" class="com.jiekou.cases.LoginCase"/>
      </group> <!-- logintrue -->
    </groups>
    <test name="Default test" duration-ms="1408" started-at="2018-09-03T09:19:25Z" finished-at="2018-09-03T09:19:26Z">
      <class name="com.jiekou.cases.LoginCase">
        <test-method status="PASS" signature="before()[pri:0, instance:com.jiekou.cases.LoginCase@20e2cbe0]" name="before" is-config="true" duration-ms="771" started-at="2018-09-03T17:19:25Z" finished-at="2018-09-03T17:19:26Z">
          <reporter-output>
          </reporter-output>
        </test-method> <!-- before -->
        <test-method status="PASS" signature="getlogin()[pri:0, instance:com.jiekou.cases.LoginCase@20e2cbe0]" name="getlogin" duration-ms="620" started-at="2018-09-03T17:19:26Z" finished-at="2018-09-03T17:19:26Z">
          <reporter-output>
          </reporter-output>
        </test-method> <!-- getlogin -->
      </class> <!-- com.jiekou.cases.LoginCase -->
    </test> <!-- Default test -->
  </suite> <!-- Default suite -->
</testng-results>
