<?xml version="1.0" encoding="UTF-8"?>
<testng-results skipped="0" failed="0" ignored="0" total="1" passed="1">
  <reporter-output>
  </reporter-output>
  <suite name="Command line suite" duration-ms="930" started-at="2018-09-03T09:53:56Z" finished-at="2018-09-03T09:53:57Z">
    <groups>
      <group name="logintrue">
        <method signature="LoginCase.getlogin()[pri:0, instance:com.jiekou.cases.LoginCase@7b3300e5]" name="getlogin" class="com.jiekou.cases.LoginCase"/>
      </group> <!-- logintrue -->
    </groups>
    <test name="Command line test" duration-ms="930" started-at="2018-09-03T09:53:56Z" finished-at="2018-09-03T09:53:57Z">
      <class name="com.jiekou.cases.LoginCase">
        <test-method status="PASS" signature="before()[pri:0, instance:com.jiekou.cases.LoginCase@7b3300e5]" name="before" is-config="true" duration-ms="419" started-at="2018-09-03T17:53:56Z" finished-at="2018-09-03T17:53:57Z">
          <reporter-output>
          </reporter-output>
        </test-method> <!-- before -->
        <test-method status="PASS" signature="getlogin()[pri:0, instance:com.jiekou.cases.LoginCase@7b3300e5]" name="getlogin" duration-ms="501" started-at="2018-09-03T17:53:57Z" finished-at="2018-09-03T17:53:57Z">
          <reporter-output>
          </reporter-output>
        </test-method> <!-- getlogin -->
      </class> <!-- com.jiekou.cases.LoginCase -->
    </test> <!-- Command line test -->
  </suite> <!-- Command line suite -->
</testng-results>
